<?xml version="1.0" encoding="UTF-8"?>
<!-- Generated by org.testng.reporters.JUnitXMLReporter -->
<testsuite ignored="7" hostname="DESKTOP-HO2A4P2" failures="1" tests="1" name="Default test" time="11.835" errors="0" timestamp="2026-01-19T21:24:02 IST">
  <testcase classname="tests.Trank_Technologies_Test" name="Test6_StockTrading_Test" time="0.014">
    <failure type="java.lang.IllegalArgumentException" message="Driver must be set">
      <![CDATA[java.lang.IllegalArgumentException: Driver must be set
at org.openqa.selenium.internal.Require.nonNull(Require.java:63)
at org.openqa.selenium.interactions.Actions.<init>(Actions.java:67)
at org.openqa.selenium.interactions.Actions.<init>(Actions.java:63)
at pages.StockTradingPage.<init>(StockTradingPage.java:59)
at tests.Trank_Technologies_Test.Test6_StockTrading_Test(Trank_Technologies_Test.java:184)
at java.base/jdk.internal.reflect.DirectMethodHandleAccessor.invoke(DirectMethodHandleAccessor.java:103)
at java.base/java.lang.reflect.Method.invoke(Method.java:580)
at org.testng.internal.invokers.MethodInvocationHelper.invokeMethod(MethodInvocationHelper.java:141)
at org.testng.internal.invokers.TestInvoker.invokeMethod(TestInvoker.java:687)
at org.testng.internal.invokers.TestInvoker.invokeTestMethod(TestInvoker.java:230)
at org.testng.internal.invokers.MethodRunner.runInSequence(MethodRunner.java:63)
at org.testng.internal.invokers.TestInvoker$MethodInvocationAgent.invoke(TestInvoker.java:995)
at org.testng.internal.invokers.TestInvoker.invokeTestMethods(TestInvoker.java:203)
at org.testng.internal.invokers.TestMethodWorker.invokeTestMethods(TestMethodWorker.java:154)
at org.testng.internal.invokers.TestMethodWorker.run(TestMethodWorker.java:134)
at java.base/java.util.ArrayList.forEach(ArrayList.java:1596)
at org.testng.TestRunner.privateRun(TestRunner.java:741)
at org.testng.TestRunner.run(TestRunner.java:616)
at org.testng.SuiteRunner.runTest(SuiteRunner.java:421)
at org.testng.SuiteRunner.runSequentially(SuiteRunner.java:413)
at org.testng.SuiteRunner.privateRun(SuiteRunner.java:373)
at org.testng.SuiteRunner.run(SuiteRunner.java:312)
at org.testng.SuiteRunnerWorker.runSuite(SuiteRunnerWorker.java:52)
at org.testng.SuiteRunnerWorker.run(SuiteRunnerWorker.java:95)
at org.testng.TestNG.runSuitesSequentially(TestNG.java:1274)
at org.testng.TestNG.runSuitesLocally(TestNG.java:1208)
at org.testng.TestNG.runSuites(TestNG.java:1112)
at org.testng.TestNG.run(TestNG.java:1079)
at org.testng.remote.AbstractRemoteTestNG.run(AbstractRemoteTestNG.java:115)
at org.testng.remote.RemoteTestNG.initAndRun(RemoteTestNG.java:293)
at org.testng.remote.RemoteTestNG.main(RemoteTestNG.java:91)
]]>
    </failure>
  </testcase> <!-- Test6_StockTrading_Test -->
  <testcase classname="tests.Trank_Technologies_Test" name="Test8_CFDTradingPage_Test" time="0.0">
    <ignored/>
  </testcase> <!-- Test8_CFDTradingPage_Test -->
  <testcase classname="tests.Trank_Technologies_Test" name="Test2_DropDown_Test" time="0.0">
    <ignored/>
  </testcase> <!-- Test2_DropDown_Test -->
  <testcase classname="tests.Trank_Technologies_Test" name="Test3_Icons_Test" time="0.0">
    <ignored/>
  </testcase> <!-- Test3_Icons_Test -->
  <testcase classname="tests.Trank_Technologies_Test" name="Test1_menu_Test" time="0.0">
    <ignored/>
  </testcase> <!-- Test1_menu_Test -->
  <testcase classname="tests.Trank_Technologies_Test" name="Test4_GetFreeQuote_Test" time="0.0">
    <ignored/>
  </testcase> <!-- Test4_GetFreeQuote_Test -->
  <testcase classname="tests.Trank_Technologies_Test" name="Test5_ChatIcon_Test" time="0.0">
    <ignored/>
  </testcase> <!-- Test5_ChatIcon_Test -->
  <testcase classname="tests.Trank_Technologies_Test" name="Test7_PaperTrading_Test" time="0.0">
    <ignored/>
  </testcase> <!-- Test7_PaperTrading_Test -->
</testsuite> <!-- Default test -->
